Determining if the include file malloc/malloc.h exists failed with the following output:
Change Dir: /home/letizia/llvm-project/CMakeFiles/CMakeTmp

Run Build Command(s):/usr/local/bin/ninja cmTC_c837b && [1/2] Building C object CMakeFiles/cmTC_c837b.dir/CheckIncludeFile.c.o
FAILED: CMakeFiles/cmTC_c837b.dir/CheckIncludeFile.c.o 
/usr/bin/cc   -g -o CMakeFiles/cmTC_c837b.dir/CheckIncludeFile.c.o   -c CheckIncludeFile.c
CheckIncludeFile.c:1:10: fatal error: malloc/malloc.h: File o directory non esistente
    1 | #include <malloc/malloc.h>
      |          ^~~~~~~~~~~~~~~~~
compilation terminated.
ninja: build stopped: subcommand failed.



Determining if the include file valgrind/valgrind.h exists failed with the following output:
Change Dir: /home/letizia/llvm-project/CMakeFiles/CMakeTmp

Run Build Command(s):/usr/local/bin/ninja cmTC_f2f86 && [1/2] Building C object CMakeFiles/cmTC_f2f86.dir/CheckIncludeFile.c.o
FAILED: CMakeFiles/cmTC_f2f86.dir/CheckIncludeFile.c.o 
/usr/bin/cc   -g -o CMakeFiles/cmTC_f2f86.dir/CheckIncludeFile.c.o   -c CheckIncludeFile.c
CheckIncludeFile.c:1:10: fatal error: valgrind/valgrind.h: File o directory non esistente
    1 | #include <valgrind/valgrind.h>
      |          ^~~~~~~~~~~~~~~~~~~~~
compilation terminated.
ninja: build stopped: subcommand failed.



Determining if the include file mach/mach.h exists failed with the following output:
Change Dir: /home/letizia/llvm-project/CMakeFiles/CMakeTmp

Run Build Command(s):/usr/local/bin/ninja cmTC_56d19 && [1/2] Building C object CMakeFiles/cmTC_56d19.dir/CheckIncludeFile.c.o
FAILED: CMakeFiles/cmTC_56d19.dir/CheckIncludeFile.c.o 
/usr/bin/cc   -g -o CMakeFiles/cmTC_56d19.dir/CheckIncludeFile.c.o   -c CheckIncludeFile.c
CheckIncludeFile.c:1:10: fatal error: mach/mach.h: File o directory non esistente
    1 | #include <mach/mach.h>
      |          ^~~~~~~~~~~~~
compilation terminated.
ninja: build stopped: subcommand failed.



Determining if the include file CrashReporterClient.h exists failed with the following output:
Change Dir: /home/letizia/llvm-project/CMakeFiles/CMakeTmp

Run Build Command(s):/usr/local/bin/ninja cmTC_52175 && [1/2] Building C object CMakeFiles/cmTC_52175.dir/CheckIncludeFile.c.o
FAILED: CMakeFiles/cmTC_52175.dir/CheckIncludeFile.c.o 
/usr/bin/cc   -g -o CMakeFiles/cmTC_52175.dir/CheckIncludeFile.c.o   -c CheckIncludeFile.c
CheckIncludeFile.c:1:10: fatal error: CrashReporterClient.h: File o directory non esistente
    1 | #include <CrashReporterClient.h>
      |          ^~~~~~~~~~~~~~~~~~~~~~~
compilation terminated.
ninja: build stopped: subcommand failed.



Determining if the function pfm_initialize exists in the pfm failed with the following output:
Change Dir: /home/letizia/llvm-project/CMakeFiles/CMakeTmp

Run Build Command(s):/usr/local/bin/ninja cmTC_2b192 && [1/2] Building C object CMakeFiles/cmTC_2b192.dir/CheckFunctionExists.c.o
[2/2] Linking C executable cmTC_2b192
FAILED: cmTC_2b192 
: && /usr/bin/cc -DCHECK_FUNCTION_EXISTS=pfm_initialize -g   CMakeFiles/cmTC_2b192.dir/CheckFunctionExists.c.o  -o cmTC_2b192  -lpfm  -lm && :
/usr/bin/ld: impossibile trovare -lpfm
collect2: error: ld returned 1 exit status
ninja: build stopped: subcommand failed.



Performing C SOURCE FILE Test CMAKE_HAVE_LIBC_PTHREAD failed with the following output:
Change Dir: /home/letizia/llvm-project/CMakeFiles/CMakeTmp

Run Build Command(s):/usr/local/bin/ninja cmTC_787eb && [1/2] Building C object CMakeFiles/cmTC_787eb.dir/src.c.o
[2/2] Linking C executable cmTC_787eb
FAILED: cmTC_787eb 
: && /usr/bin/cc -DCMAKE_HAVE_LIBC_PTHREAD -g   CMakeFiles/cmTC_787eb.dir/src.c.o  -o cmTC_787eb  -lm && :
/usr/bin/ld: CMakeFiles/cmTC_787eb.dir/src.c.o: in function `main':
/home/letizia/llvm-project/CMakeFiles/CMakeTmp/src.c:11: undefined reference to `pthread_create'
/usr/bin/ld: /home/letizia/llvm-project/CMakeFiles/CMakeTmp/src.c:12: undefined reference to `pthread_detach'
/usr/bin/ld: /home/letizia/llvm-project/CMakeFiles/CMakeTmp/src.c:13: undefined reference to `pthread_join'
collect2: error: ld returned 1 exit status
ninja: build stopped: subcommand failed.


Source file was:
#include <pthread.h>

void* test_func(void* data)
{
  return data;
}

int main(void)
{
  pthread_t thread;
  pthread_create(&thread, NULL, test_func, NULL);
  pthread_detach(thread);
  pthread_join(thread, NULL);
  pthread_atfork(NULL, NULL, NULL);
  pthread_exit(NULL);

  return 0;
}

Determining if the function pthread_create exists in the pthreads failed with the following output:
Change Dir: /home/letizia/llvm-project/CMakeFiles/CMakeTmp

Run Build Command(s):/usr/local/bin/ninja cmTC_9c9cc && [1/2] Building C object CMakeFiles/cmTC_9c9cc.dir/CheckFunctionExists.c.o
[2/2] Linking C executable cmTC_9c9cc
FAILED: cmTC_9c9cc 
: && /usr/bin/cc -DCHECK_FUNCTION_EXISTS=pthread_create -g   CMakeFiles/cmTC_9c9cc.dir/CheckFunctionExists.c.o  -o cmTC_9c9cc  -lpthreads  -lm && :
/usr/bin/ld: impossibile trovare -lpthreads
collect2: error: ld returned 1 exit status
ninja: build stopped: subcommand failed.



Determining if the function xar_open exists in the xar failed with the following output:
Change Dir: /home/letizia/llvm-project/CMakeFiles/CMakeTmp

Run Build Command(s):/usr/local/bin/ninja cmTC_8b1df && [1/2] Building C object CMakeFiles/cmTC_8b1df.dir/CheckFunctionExists.c.o
[2/2] Linking C executable cmTC_8b1df
FAILED: cmTC_8b1df 
: && /usr/bin/cc -DCHECK_FUNCTION_EXISTS=xar_open -g   CMakeFiles/cmTC_8b1df.dir/CheckFunctionExists.c.o  -o cmTC_8b1df  -lxar  -lm && :
/usr/bin/ld: impossibile trovare -lxar
collect2: error: ld returned 1 exit status
ninja: build stopped: subcommand failed.



Determining if the arc4random exist failed with the following output:
Change Dir: /home/letizia/llvm-project/CMakeFiles/CMakeTmp

Run Build Command(s):/usr/local/bin/ninja cmTC_c0595 && [1/2] Building C object CMakeFiles/cmTC_c0595.dir/CheckSymbolExists.c.o
FAILED: CMakeFiles/cmTC_c0595.dir/CheckSymbolExists.c.o 
/usr/bin/cc   -g -o CMakeFiles/cmTC_c0595.dir/CheckSymbolExists.c.o   -c CheckSymbolExists.c
CheckSymbolExists.c: In function ‘main’:
CheckSymbolExists.c:8:19: error: ‘arc4random’ undeclared (first use in this function); did you mean ‘srandom’?
    8 |   return ((int*)(&arc4random))[argc];
      |                   ^~~~~~~~~~
      |                   srandom
CheckSymbolExists.c:8:19: note: each undeclared identifier is reported only once for each function it appears in
ninja: build stopped: subcommand failed.


File /home/letizia/llvm-project/CMakeFiles/CMakeTmp/CheckSymbolExists.c:
/* */
#include <stdlib.h>

int main(int argc, char** argv)
{
  (void)argv;
#ifndef arc4random
  return ((int*)(&arc4random))[argc];
#else
  (void)argc;
  return 0;
#endif
}
Performing C SOURCE FILE Test C_SUPPORTS_WERROR_UNGUARDED_AVAILABILITY_NEW failed with the following output:
Change Dir: /home/letizia/llvm-project/CMakeFiles/CMakeTmp

Run Build Command(s):/usr/local/bin/ninja cmTC_a68cc && [1/2] Building C object CMakeFiles/cmTC_a68cc.dir/src.c.o
FAILED: CMakeFiles/cmTC_a68cc.dir/src.c.o 
/usr/bin/cc   -DC_SUPPORTS_WERROR_UNGUARDED_AVAILABILITY_NEW -g   -Werror=unguarded-availability-new -o CMakeFiles/cmTC_a68cc.dir/src.c.o   -c src.c
cc1: error: '-Werror=unguarded-availability-new': no option -Wunguarded-availability-new
ninja: build stopped: subcommand failed.


Source file was:
int main(void) { return 0; }
Determining if the __unw_add_dynamic_fde exist failed with the following output:
Change Dir: /home/letizia/llvm-project/CMakeFiles/CMakeTmp

Run Build Command(s):/usr/local/bin/ninja cmTC_0b4ae && [1/2] Building C object CMakeFiles/cmTC_0b4ae.dir/CheckSymbolExists.c.o
[2/2] Linking C executable cmTC_0b4ae
FAILED: cmTC_0b4ae 
: && /usr/bin/cc -g   CMakeFiles/cmTC_0b4ae.dir/CheckSymbolExists.c.o  -o cmTC_0b4ae  -lm && :
/usr/bin/ld: CMakeFiles/cmTC_0b4ae.dir/CheckSymbolExists.c.o: in function `main':
/home/letizia/llvm-project/CMakeFiles/CMakeTmp/CheckSymbolExists.c:8: undefined reference to `__unw_add_dynamic_fde'
collect2: error: ld returned 1 exit status
ninja: build stopped: subcommand failed.


File /home/letizia/llvm-project/CMakeFiles/CMakeTmp/CheckSymbolExists.c:
/* */
#include </home/letizia/llvm-project/llvm/cmake/unwind.h>

int main(int argc, char** argv)
{
  (void)argv;
#ifndef __unw_add_dynamic_fde
  return ((int*)(&__unw_add_dynamic_fde))[argc];
#else
  (void)argc;
  return 0;
#endif
}
Determining if the mallctl exist failed with the following output:
Change Dir: /home/letizia/llvm-project/CMakeFiles/CMakeTmp

Run Build Command(s):/usr/local/bin/ninja cmTC_95f1a && [1/2] Building C object CMakeFiles/cmTC_95f1a.dir/CheckSymbolExists.c.o
FAILED: CMakeFiles/cmTC_95f1a.dir/CheckSymbolExists.c.o 
/usr/bin/cc   -g -o CMakeFiles/cmTC_95f1a.dir/CheckSymbolExists.c.o   -c CheckSymbolExists.c
CheckSymbolExists.c:2:10: fatal error: malloc_np.h: File o directory non esistente
    2 | #include <malloc_np.h>
      |          ^~~~~~~~~~~~~
compilation terminated.
ninja: build stopped: subcommand failed.


File /home/letizia/llvm-project/CMakeFiles/CMakeTmp/CheckSymbolExists.c:
/* */
#include <malloc_np.h>

int main(int argc, char** argv)
{
  (void)argv;
#ifndef mallctl
  return ((int*)(&mallctl))[argc];
#else
  (void)argc;
  return 0;
#endif
}
Determining if the mallinfo2 exist failed with the following output:
Change Dir: /home/letizia/llvm-project/CMakeFiles/CMakeTmp

Run Build Command(s):/usr/local/bin/ninja cmTC_62c63 && [1/2] Building C object CMakeFiles/cmTC_62c63.dir/CheckSymbolExists.c.o
FAILED: CMakeFiles/cmTC_62c63.dir/CheckSymbolExists.c.o 
/usr/bin/cc   -g -o CMakeFiles/cmTC_62c63.dir/CheckSymbolExists.c.o   -c CheckSymbolExists.c
CheckSymbolExists.c: In function ‘main’:
CheckSymbolExists.c:8:19: error: ‘mallinfo2’ undeclared (first use in this function); did you mean ‘mallinfo’?
    8 |   return ((int*)(&mallinfo2))[argc];
      |                   ^~~~~~~~~
      |                   mallinfo
CheckSymbolExists.c:8:19: note: each undeclared identifier is reported only once for each function it appears in
ninja: build stopped: subcommand failed.


File /home/letizia/llvm-project/CMakeFiles/CMakeTmp/CheckSymbolExists.c:
/* */
#include <malloc.h>

int main(int argc, char** argv)
{
  (void)argv;
#ifndef mallinfo2
  return ((int*)(&mallinfo2))[argc];
#else
  (void)argc;
  return 0;
#endif
}
Determining if the malloc_zone_statistics exist failed with the following output:
Change Dir: /home/letizia/llvm-project/CMakeFiles/CMakeTmp

Run Build Command(s):/usr/local/bin/ninja cmTC_7fb5c && [1/2] Building C object CMakeFiles/cmTC_7fb5c.dir/CheckSymbolExists.c.o
FAILED: CMakeFiles/cmTC_7fb5c.dir/CheckSymbolExists.c.o 
/usr/bin/cc   -g -o CMakeFiles/cmTC_7fb5c.dir/CheckSymbolExists.c.o   -c CheckSymbolExists.c
CheckSymbolExists.c:2:10: fatal error: malloc/malloc.h: File o directory non esistente
    2 | #include <malloc/malloc.h>
      |          ^~~~~~~~~~~~~~~~~
compilation terminated.
ninja: build stopped: subcommand failed.


File /home/letizia/llvm-project/CMakeFiles/CMakeTmp/CheckSymbolExists.c:
/* */
#include <malloc/malloc.h>

int main(int argc, char** argv)
{
  (void)argv;
#ifndef malloc_zone_statistics
  return ((int*)(&malloc_zone_statistics))[argc];
#else
  (void)argc;
  return 0;
#endif
}
Determining if the strerror_s exist failed with the following output:
Change Dir: /home/letizia/llvm-project/CMakeFiles/CMakeTmp

Run Build Command(s):/usr/local/bin/ninja cmTC_2d97e && [1/2] Building C object CMakeFiles/cmTC_2d97e.dir/CheckSymbolExists.c.o
FAILED: CMakeFiles/cmTC_2d97e.dir/CheckSymbolExists.c.o 
/usr/bin/cc   -g -o CMakeFiles/cmTC_2d97e.dir/CheckSymbolExists.c.o   -c CheckSymbolExists.c
CheckSymbolExists.c: In function ‘main’:
CheckSymbolExists.c:8:19: error: ‘strerror_s’ undeclared (first use in this function); did you mean ‘strerror_l’?
    8 |   return ((int*)(&strerror_s))[argc];
      |                   ^~~~~~~~~~
      |                   strerror_l
CheckSymbolExists.c:8:19: note: each undeclared identifier is reported only once for each function it appears in
ninja: build stopped: subcommand failed.


File /home/letizia/llvm-project/CMakeFiles/CMakeTmp/CheckSymbolExists.c:
/* */
#include <string.h>

int main(int argc, char** argv)
{
  (void)argv;
#ifndef strerror_s
  return ((int*)(&strerror_s))[argc];
#else
  (void)argc;
  return 0;
#endif
}
Determining if the dladdr exist failed with the following output:
Change Dir: /home/letizia/llvm-project/CMakeFiles/CMakeTmp

Run Build Command(s):/usr/local/bin/ninja cmTC_dc219 && [1/2] Building C object CMakeFiles/cmTC_dc219.dir/CheckSymbolExists.c.o
FAILED: CMakeFiles/cmTC_dc219.dir/CheckSymbolExists.c.o 
/usr/bin/cc   -g -o CMakeFiles/cmTC_dc219.dir/CheckSymbolExists.c.o   -c CheckSymbolExists.c
CheckSymbolExists.c: In function ‘main’:
CheckSymbolExists.c:8:19: error: ‘dladdr’ undeclared (first use in this function)
    8 |   return ((int*)(&dladdr))[argc];
      |                   ^~~~~~
CheckSymbolExists.c:8:19: note: each undeclared identifier is reported only once for each function it appears in
ninja: build stopped: subcommand failed.


File /home/letizia/llvm-project/CMakeFiles/CMakeTmp/CheckSymbolExists.c:
/* */
#include <dlfcn.h>

int main(int argc, char** argv)
{
  (void)argv;
#ifndef dladdr
  return ((int*)(&dladdr))[argc];
#else
  (void)argc;
  return 0;
#endif
}
Performing C SOURCE FILE Test HAVE_STRUCT_STAT_ST_MTIMESPEC_TV_NSEC failed with the following output:
Change Dir: /home/letizia/llvm-project/CMakeFiles/CMakeTmp

Run Build Command(s):/usr/local/bin/ninja cmTC_9897f && [1/2] Building C object CMakeFiles/cmTC_9897f.dir/src.c.o
FAILED: CMakeFiles/cmTC_9897f.dir/src.c.o 
/usr/bin/cc   -DHAVE_STRUCT_STAT_ST_MTIMESPEC_TV_NSEC -g -o CMakeFiles/cmTC_9897f.dir/src.c.o   -c src.c
src.c: In function ‘main’:
src.c:7:34: error: ‘struct stat’ has no member named ‘st_mtimespec’
    7 |   (void)sizeof(((struct stat *)0)->st_mtimespec.tv_nsec);
      |                                  ^~
ninja: build stopped: subcommand failed.


Source file was:

#include <sys/types.h>
#include <sys/stat.h>

int main()
{
  (void)sizeof(((struct stat *)0)->st_mtimespec.tv_nsec);
  return 0;
}

Determining if the proc_pid_rusage exist failed with the following output:
Change Dir: /home/letizia/llvm-project/CMakeFiles/CMakeTmp

Run Build Command(s):/usr/local/bin/ninja cmTC_f09f3 && [1/2] Building C object CMakeFiles/cmTC_f09f3.dir/CheckSymbolExists.c.o
FAILED: CMakeFiles/cmTC_f09f3.dir/CheckSymbolExists.c.o 
/usr/bin/cc -D_GNU_SOURCE  -g -o CMakeFiles/cmTC_f09f3.dir/CheckSymbolExists.c.o   -c CheckSymbolExists.c
CheckSymbolExists.c:2:10: fatal error: libproc.h: File o directory non esistente
    2 | #include <libproc.h>
      |          ^~~~~~~~~~~
compilation terminated.
ninja: build stopped: subcommand failed.


File /home/letizia/llvm-project/CMakeFiles/CMakeTmp/CheckSymbolExists.c:
/* */
#include <libproc.h>

int main(int argc, char** argv)
{
  (void)argv;
#ifndef proc_pid_rusage
  return ((int*)(&proc_pid_rusage))[argc];
#else
  (void)argc;
  return 0;
#endif
}
Performing C++ SOURCE FILE Test SUPPORTS_GNU_ZERO_VARIADIC_MACRO_ARGUMENTS_FLAG failed with the following output:
Change Dir: /home/letizia/llvm-project/CMakeFiles/CMakeTmp

Run Build Command(s):/usr/local/bin/ninja cmTC_44702 && [1/2] Building CXX object CMakeFiles/cmTC_44702.dir/src.cxx.o
FAILED: CMakeFiles/cmTC_44702.dir/src.cxx.o 
/usr/bin/c++    -DSUPPORTS_GNU_ZERO_VARIADIC_MACRO_ARGUMENTS_FLAG -g   -Wgnu-zero-variadic-macro-arguments -std=c++17 -o CMakeFiles/cmTC_44702.dir/src.cxx.o -c src.cxx
c++: error: unrecognized command line option '-Wgnu-zero-variadic-macro-arguments'
ninja: build stopped: subcommand failed.


Source file was:
int main() { return 0; }
Performing C++ SOURCE FILE Test CXX_SUPPORTS_WERROR_UNGUARDED_AVAILABILITY_NEW failed with the following output:
Change Dir: /home/letizia/llvm-project/CMakeFiles/CMakeTmp

Run Build Command(s):/usr/local/bin/ninja cmTC_0c9a5 && [1/2] Building CXX object CMakeFiles/cmTC_0c9a5.dir/src.cxx.o
FAILED: CMakeFiles/cmTC_0c9a5.dir/src.cxx.o 
/usr/bin/c++    -fPIC -fno-semantic-interposition -fvisibility-inlines-hidden -Werror=date-time -DCXX_SUPPORTS_WERROR_UNGUARDED_AVAILABILITY_NEW -g   -Werror -Werror=unguarded-availability-new -std=c++17 -o CMakeFiles/cmTC_0c9a5.dir/src.cxx.o -c src.cxx
cc1plus: error: '-Werror=unguarded-availability-new': no option -Wunguarded-availability-new
ninja: build stopped: subcommand failed.


Source file was:
int main() { return 0; }
Performing C SOURCE FILE Test C_SUPPORTS_CXX98_COMPAT_EXTRA_SEMI_FLAG failed with the following output:
Change Dir: /home/letizia/llvm-project/CMakeFiles/CMakeTmp

Run Build Command(s):/usr/local/bin/ninja cmTC_1a317 && [1/2] Building C object CMakeFiles/cmTC_1a317.dir/src.c.o
FAILED: CMakeFiles/cmTC_1a317.dir/src.c.o 
/usr/bin/cc   -fPIC -fno-semantic-interposition -Werror=date-time -Wall -Wextra -Wno-unused-parameter -Wwrite-strings -Wno-missing-field-initializers -pedantic -Wno-long-long -DC_SUPPORTS_CXX98_COMPAT_EXTRA_SEMI_FLAG -g   -Werror -Wc++98-compat-extra-semi -o CMakeFiles/cmTC_1a317.dir/src.c.o   -c src.c
cc: error: unrecognized command line option '-Wc++98-compat-extra-semi'
ninja: build stopped: subcommand failed.


Source file was:
int main(void) { return 0; }
Performing C++ SOURCE FILE Test CXX_SUPPORTS_CXX98_COMPAT_EXTRA_SEMI_FLAG failed with the following output:
Change Dir: /home/letizia/llvm-project/CMakeFiles/CMakeTmp

Run Build Command(s):/usr/local/bin/ninja cmTC_ee644 && [1/2] Building CXX object CMakeFiles/cmTC_ee644.dir/src.cxx.o
FAILED: CMakeFiles/cmTC_ee644.dir/src.cxx.o 
/usr/bin/c++    -fPIC -fno-semantic-interposition -fvisibility-inlines-hidden -Werror=date-time -Wall -Wextra -Wno-unused-parameter -Wwrite-strings -Wcast-qual -Wno-missing-field-initializers -pedantic -Wno-long-long -DCXX_SUPPORTS_CXX98_COMPAT_EXTRA_SEMI_FLAG -g   -Werror -Wc++98-compat-extra-semi -std=c++17 -o CMakeFiles/cmTC_ee644.dir/src.cxx.o -c src.cxx
c++: error: unrecognized command line option '-Wc++98-compat-extra-semi'
ninja: build stopped: subcommand failed.


Source file was:
int main() { return 0; }
Performing C SOURCE FILE Test C_SUPPORTS_COVERED_SWITCH_DEFAULT_FLAG failed with the following output:
Change Dir: /home/letizia/llvm-project/CMakeFiles/CMakeTmp

Run Build Command(s):/usr/local/bin/ninja cmTC_4342c && [1/2] Building C object CMakeFiles/cmTC_4342c.dir/src.c.o
FAILED: CMakeFiles/cmTC_4342c.dir/src.c.o 
/usr/bin/cc   -fPIC -fno-semantic-interposition -Werror=date-time -Wall -Wextra -Wno-unused-parameter -Wwrite-strings -Wno-missing-field-initializers -pedantic -Wno-long-long -Wimplicit-fallthrough -DC_SUPPORTS_COVERED_SWITCH_DEFAULT_FLAG -g   -Werror -Wcovered-switch-default -o CMakeFiles/cmTC_4342c.dir/src.c.o   -c src.c
cc: error: unrecognized command line option '-Wcovered-switch-default'; did you mean '-Wno-switch-default'?
ninja: build stopped: subcommand failed.


Source file was:
int main(void) { return 0; }
Performing C++ SOURCE FILE Test CXX_SUPPORTS_COVERED_SWITCH_DEFAULT_FLAG failed with the following output:
Change Dir: /home/letizia/llvm-project/CMakeFiles/CMakeTmp

Run Build Command(s):/usr/local/bin/ninja cmTC_0f3f6 && [1/2] Building CXX object CMakeFiles/cmTC_0f3f6.dir/src.cxx.o
FAILED: CMakeFiles/cmTC_0f3f6.dir/src.cxx.o 
/usr/bin/c++    -fPIC -fno-semantic-interposition -fvisibility-inlines-hidden -Werror=date-time -Wall -Wextra -Wno-unused-parameter -Wwrite-strings -Wcast-qual -Wno-missing-field-initializers -pedantic -Wno-long-long -Wimplicit-fallthrough -DCXX_SUPPORTS_COVERED_SWITCH_DEFAULT_FLAG -g   -Werror -Wcovered-switch-default -std=c++17 -o CMakeFiles/cmTC_0f3f6.dir/src.cxx.o -c src.cxx
c++: error: unrecognized command line option '-Wcovered-switch-default'; did you mean '-Wno-switch-default'?
ninja: build stopped: subcommand failed.


Source file was:
int main() { return 0; }
Performing C++ SOURCE FILE Test CXX_WONT_WARN_ON_FINAL_NONVIRTUALDTOR failed with the following output:
Change Dir: /home/letizia/llvm-project/CMakeFiles/CMakeTmp

Run Build Command(s):/usr/local/bin/ninja cmTC_7c5bd && [1/2] Building CXX object CMakeFiles/cmTC_7c5bd.dir/src.cxx.o
FAILED: CMakeFiles/cmTC_7c5bd.dir/src.cxx.o 
/usr/bin/c++  -D_GNU_SOURCE  -fPIC -fno-semantic-interposition -fvisibility-inlines-hidden -Werror=date-time -Wall -Wextra -Wno-unused-parameter -Wwrite-strings -Wcast-qual -Wno-missing-field-initializers -pedantic -Wno-long-long -Wimplicit-fallthrough -Wno-maybe-uninitialized -Wno-class-memaccess -Wno-redundant-move -Wno-pessimizing-move -Wno-noexcept-type -DCXX_WONT_WARN_ON_FINAL_NONVIRTUALDTOR  -Werror=non-virtual-dtor -g   -std=c++17 -o CMakeFiles/cmTC_7c5bd.dir/src.cxx.o -c src.cxx
src.cxx:2:36: error: ‘class base’ has virtual functions and accessible non-virtual destructor [-Werror=non-virtual-dtor]
    2 |                              class base {friend f; public: virtual void anchor();protected: ~base();};
      |                                    ^~~~
cc1plus: some warnings being treated as errors
ninja: build stopped: subcommand failed.


Source file was:
class f {};
                             class base {friend f; public: virtual void anchor();protected: ~base();};
                             int main() { return 0; }
Performing C SOURCE FILE Test C_WCOMMENT_ALLOWS_LINE_WRAP failed with the following output:
Change Dir: /home/letizia/llvm-project/CMakeFiles/CMakeTmp

Run Build Command(s):/usr/local/bin/ninja cmTC_7efc2 && [1/2] Building C object CMakeFiles/cmTC_7efc2.dir/src.c.o
FAILED: CMakeFiles/cmTC_7efc2.dir/src.c.o 
/usr/bin/cc -D_GNU_SOURCE  -fPIC -fno-semantic-interposition -Werror=date-time -Wall -Wextra -Wno-unused-parameter -Wwrite-strings -Wno-missing-field-initializers -pedantic -Wno-long-long -Wimplicit-fallthrough -DC_WCOMMENT_ALLOWS_LINE_WRAP  -Werror -Wcomment -g -o CMakeFiles/cmTC_7efc2.dir/src.c.o   -c src.c
src.c:1:1: error: multi-line comment [-Werror=comment]
    1 | // \
      | ^
cc1: all warnings being treated as errors
ninja: build stopped: subcommand failed.


Source file was:
// \
//
int main(void) {return 0;}
Performing C SOURCE FILE Test C_SUPPORTS_STRING_CONVERSION_FLAG failed with the following output:
Change Dir: /home/letizia/llvm-project/CMakeFiles/CMakeTmp

Run Build Command(s):/usr/local/bin/ninja cmTC_b4f66 && [1/2] Building C object CMakeFiles/cmTC_b4f66.dir/src.c.o
FAILED: CMakeFiles/cmTC_b4f66.dir/src.c.o 
/usr/bin/cc   -fPIC -fno-semantic-interposition -Werror=date-time -Wall -Wextra -Wno-unused-parameter -Wwrite-strings -Wno-missing-field-initializers -pedantic -Wno-long-long -Wimplicit-fallthrough -Wno-comment -DC_SUPPORTS_STRING_CONVERSION_FLAG -g   -Werror -Wstring-conversion -o CMakeFiles/cmTC_b4f66.dir/src.c.o   -c src.c
cc: error: unrecognized command line option '-Wstring-conversion'; did you mean '-Wsign-conversion'?
ninja: build stopped: subcommand failed.


Source file was:
int main(void) { return 0; }
Performing C++ SOURCE FILE Test CXX_SUPPORTS_STRING_CONVERSION_FLAG failed with the following output:
Change Dir: /home/letizia/llvm-project/CMakeFiles/CMakeTmp

Run Build Command(s):/usr/local/bin/ninja cmTC_bfc79 && [1/2] Building CXX object CMakeFiles/cmTC_bfc79.dir/src.cxx.o
FAILED: CMakeFiles/cmTC_bfc79.dir/src.cxx.o 
/usr/bin/c++    -fPIC -fno-semantic-interposition -fvisibility-inlines-hidden -Werror=date-time -Wall -Wextra -Wno-unused-parameter -Wwrite-strings -Wcast-qual -Wno-missing-field-initializers -pedantic -Wno-long-long -Wimplicit-fallthrough -Wno-maybe-uninitialized -Wno-class-memaccess -Wno-redundant-move -Wno-pessimizing-move -Wno-noexcept-type -Wdelete-non-virtual-dtor -Wsuggest-override -Wno-comment -DCXX_SUPPORTS_STRING_CONVERSION_FLAG -g   -Werror -Wstring-conversion -std=c++17 -o CMakeFiles/cmTC_bfc79.dir/src.cxx.o -c src.cxx
c++: error: unrecognized command line option '-Wstring-conversion'; did you mean '-Wsign-conversion'?
ninja: build stopped: subcommand failed.


Source file was:
int main() { return 0; }
Performing C SOURCE FILE Test C_SUPPORTS_CTAD_MAYBE_UNSPPORTED_FLAG failed with the following output:
Change Dir: /home/letizia/llvm-project/CMakeFiles/CMakeTmp

Run Build Command(s):/usr/local/bin/ninja cmTC_5dca9 && [1/2] Building C object CMakeFiles/cmTC_5dca9.dir/src.c.o
FAILED: CMakeFiles/cmTC_5dca9.dir/src.c.o 
/usr/bin/cc   -fPIC -fno-semantic-interposition -Werror=date-time -Wall -Wextra -Wno-unused-parameter -Wwrite-strings -Wno-missing-field-initializers -pedantic -Wno-long-long -Wimplicit-fallthrough -Wno-comment -DC_SUPPORTS_CTAD_MAYBE_UNSPPORTED_FLAG -g   -Werror -Wctad-maybe-unsupported -o CMakeFiles/cmTC_5dca9.dir/src.c.o   -c src.c
cc: error: unrecognized command line option '-Wctad-maybe-unsupported'
ninja: build stopped: subcommand failed.


Source file was:
int main(void) { return 0; }
Performing C++ SOURCE FILE Test CXX_SUPPORTS_CTAD_MAYBE_UNSPPORTED_FLAG failed with the following output:
Change Dir: /home/letizia/llvm-project/CMakeFiles/CMakeTmp

Run Build Command(s):/usr/local/bin/ninja cmTC_2b60f && [1/2] Building CXX object CMakeFiles/cmTC_2b60f.dir/src.cxx.o
FAILED: CMakeFiles/cmTC_2b60f.dir/src.cxx.o 
/usr/bin/c++    -fPIC -fno-semantic-interposition -fvisibility-inlines-hidden -Werror=date-time -Wall -Wextra -Wno-unused-parameter -Wwrite-strings -Wcast-qual -Wno-missing-field-initializers -pedantic -Wno-long-long -Wimplicit-fallthrough -Wno-maybe-uninitialized -Wno-class-memaccess -Wno-redundant-move -Wno-pessimizing-move -Wno-noexcept-type -Wdelete-non-virtual-dtor -Wsuggest-override -Wno-comment -Wno-misleading-indentation -DCXX_SUPPORTS_CTAD_MAYBE_UNSPPORTED_FLAG -g   -Werror -Wctad-maybe-unsupported -std=c++17 -o CMakeFiles/cmTC_2b60f.dir/src.cxx.o -c src.cxx
c++: error: unrecognized command line option '-Wctad-maybe-unsupported'
ninja: build stopped: subcommand failed.


Source file was:
int main() { return 0; }
Performing C++ SOURCE FILE Test LINKER_SUPPORTS_COLOR_DIAGNOSTICS failed with the following output:
Change Dir: /home/letizia/llvm-project/CMakeFiles/CMakeTmp

Run Build Command(s):/usr/local/bin/ninja cmTC_edff2 && [1/2] Building CXX object CMakeFiles/cmTC_edff2.dir/src.cxx.o
[2/2] Linking CXX executable cmTC_edff2
FAILED: cmTC_edff2 
: && /usr/bin/c++  -fPIC -fno-semantic-interposition -fvisibility-inlines-hidden -Werror=date-time -Wall -Wextra -Wno-unused-parameter -Wwrite-strings -Wcast-qual -Wno-missing-field-initializers -pedantic -Wno-long-long -Wimplicit-fallthrough -Wno-maybe-uninitialized -Wno-class-memaccess -Wno-redundant-move -Wno-pessimizing-move -Wno-noexcept-type -Wdelete-non-virtual-dtor -Wsuggest-override -Wno-comment -Wno-misleading-indentation -fdiagnostics-color -DLINKER_SUPPORTS_COLOR_DIAGNOSTICS -g  -Wl,--color-diagnostics CMakeFiles/cmTC_edff2.dir/src.cxx.o  -o cmTC_edff2  -lm && :
/usr/bin/ld: unrecognized option '--color-diagnostics'
/usr/bin/ld: use the --help option for usage information
collect2: error: ld returned 1 exit status
ninja: build stopped: subcommand failed.


Source file was:
int main() { return 0; }
Determining if the os_signpost_interval_begin exist failed with the following output:
Change Dir: /home/letizia/llvm-project/CMakeFiles/CMakeTmp

Run Build Command(s):/usr/local/bin/ninja cmTC_68183 && [1/2] Building C object CMakeFiles/cmTC_68183.dir/CheckSymbolExists.c.o
FAILED: CMakeFiles/cmTC_68183.dir/CheckSymbolExists.c.o 
/usr/bin/cc -D_GNU_SOURCE  -fPIC -fno-semantic-interposition -Werror=date-time -Wall -Wextra -Wno-unused-parameter -Wwrite-strings -Wno-missing-field-initializers -pedantic -Wno-long-long -Wimplicit-fallthrough -Wno-comment -fdiagnostics-color  -g -o CMakeFiles/cmTC_68183.dir/CheckSymbolExists.c.o   -c CheckSymbolExists.c
CheckSymbolExists.c:2:10: fatal error: os/signpost.h: File o directory non esistente
    2 | #include <os/signpost.h>
      |          ^~~~~~~~~~~~~~~
compilation terminated.
ninja: build stopped: subcommand failed.


File /home/letizia/llvm-project/CMakeFiles/CMakeTmp/CheckSymbolExists.c:
/* */
#include <os/signpost.h>

int main(int argc, char** argv)
{
  (void)argv;
#ifndef os_signpost_interval_begin
  return ((int*)(&os_signpost_interval_begin))[argc];
#else
  (void)argc;
  return 0;
#endif
}
Performing C++ SOURCE FILE Test HAS_WERROR_GLOBAL_CTORS failed with the following output:
Change Dir: /home/letizia/llvm-project/CMakeFiles/CMakeTmp

Run Build Command(s):/usr/local/bin/ninja cmTC_670cb && [1/2] Building CXX object CMakeFiles/cmTC_670cb.dir/src.cxx.o
FAILED: CMakeFiles/cmTC_670cb.dir/src.cxx.o 
/usr/bin/c++    -fPIC -fno-semantic-interposition -fvisibility-inlines-hidden -Werror=date-time -Wall -Wextra -Wno-unused-parameter -Wwrite-strings -Wcast-qual -Wno-missing-field-initializers -pedantic -Wno-long-long -Wimplicit-fallthrough -Wno-maybe-uninitialized -Wno-class-memaccess -Wno-redundant-move -Wno-pessimizing-move -Wno-noexcept-type -Wdelete-non-virtual-dtor -Wsuggest-override -Wno-comment -Wno-misleading-indentation -fdiagnostics-color -DHAS_WERROR_GLOBAL_CTORS -g   -Werror=global-constructors -std=c++17 -o CMakeFiles/cmTC_670cb.dir/src.cxx.o -c src.cxx
cc1plus: error: '-Werror=global-constructors': no option -Wglobal-constructors
ninja: build stopped: subcommand failed.


Source file was:
int main() { return 0; }
Performing C++ SOURCE FILE Test HAVE_CXX_FLAG_WSHORTEN_64_TO_32 failed with the following output:
Change Dir: /home/letizia/llvm-project/CMakeFiles/CMakeTmp

Run Build Command(s):/usr/local/bin/ninja cmTC_9e45e && [1/2] Building CXX object CMakeFiles/cmTC_9e45e.dir/src.cxx.o
FAILED: CMakeFiles/cmTC_9e45e.dir/src.cxx.o 
/usr/bin/c++    -fPIC -fno-semantic-interposition -fvisibility-inlines-hidden -Werror=date-time -Wall -Wextra -Wno-unused-parameter -Wwrite-strings -Wcast-qual -Wno-missing-field-initializers -pedantic -Wno-long-long -Wimplicit-fallthrough -Wno-maybe-uninitialized -Wno-class-memaccess -Wno-redundant-move -Wno-pessimizing-move -Wno-noexcept-type -Wdelete-non-virtual-dtor -Wsuggest-override -Wno-comment -Wno-misleading-indentation -fdiagnostics-color  -std=c++11  -Wall  -Wextra  -Wshadow  -Wsuggest-override  -pedantic  -pedantic-errors -DHAVE_CXX_FLAG_WSHORTEN_64_TO_32  -Wshorten-64-to-32 -g   -Wshorten-64-to-32 -std=c++17 -o CMakeFiles/cmTC_9e45e.dir/src.cxx.o -c src.cxx
c++: error: unrecognized command line option '-Wshorten-64-to-32'
c++: error: unrecognized command line option '-Wshorten-64-to-32'
ninja: build stopped: subcommand failed.


Source file was:
int main() { return 0; }
Performing C++ SOURCE FILE Test HAVE_CXX_FLAG_WD654 failed with the following output:
Change Dir: /home/letizia/llvm-project/CMakeFiles/CMakeTmp

Run Build Command(s):/usr/local/bin/ninja cmTC_d2250 && [1/2] Building CXX object CMakeFiles/cmTC_d2250.dir/src.cxx.o
FAILED: CMakeFiles/cmTC_d2250.dir/src.cxx.o 
/usr/bin/c++    -fPIC -fno-semantic-interposition -fvisibility-inlines-hidden -Werror=date-time -Wall -Wextra -Wno-unused-parameter -Wwrite-strings -Wcast-qual -Wno-missing-field-initializers -pedantic -Wno-long-long -Wimplicit-fallthrough -Wno-maybe-uninitialized -Wno-class-memaccess -Wno-redundant-move -Wno-pessimizing-move -Wno-noexcept-type -Wdelete-non-virtual-dtor -Wsuggest-override -Wno-comment -Wno-misleading-indentation -fdiagnostics-color  -std=c++11  -Wall  -Wextra  -Wshadow  -Wsuggest-override  -pedantic  -pedantic-errors  -fstrict-aliasing  -Wno-deprecated-declarations  -fno-exceptions  -Wstrict-aliasing -DHAVE_CXX_FLAG_WD654  -wd654 -g   -wd654 -std=c++17 -o CMakeFiles/cmTC_d2250.dir/src.cxx.o -c src.cxx
c++: error: unrecognized command line option '-wd654'
c++: error: unrecognized command line option '-wd654'
ninja: build stopped: subcommand failed.


Source file was:
int main() { return 0; }
Performing C++ SOURCE FILE Test HAVE_CXX_FLAG_WTHREAD_SAFETY failed with the following output:
Change Dir: /home/letizia/llvm-project/CMakeFiles/CMakeTmp

Run Build Command(s):/usr/local/bin/ninja cmTC_92906 && [1/2] Building CXX object CMakeFiles/cmTC_92906.dir/src.cxx.o
FAILED: CMakeFiles/cmTC_92906.dir/src.cxx.o 
/usr/bin/c++    -fPIC -fno-semantic-interposition -fvisibility-inlines-hidden -Werror=date-time -Wall -Wextra -Wno-unused-parameter -Wwrite-strings -Wcast-qual -Wno-missing-field-initializers -pedantic -Wno-long-long -Wimplicit-fallthrough -Wno-maybe-uninitialized -Wno-class-memaccess -Wno-redundant-move -Wno-pessimizing-move -Wno-noexcept-type -Wdelete-non-virtual-dtor -Wsuggest-override -Wno-comment -Wno-misleading-indentation -fdiagnostics-color  -std=c++11  -Wall  -Wextra  -Wshadow  -Wsuggest-override  -pedantic  -pedantic-errors  -fstrict-aliasing  -Wno-deprecated-declarations  -fno-exceptions  -Wstrict-aliasing -DHAVE_CXX_FLAG_WTHREAD_SAFETY  -Wthread-safety -g   -Wthread-safety -std=c++17 -o CMakeFiles/cmTC_92906.dir/src.cxx.o -c src.cxx
c++: error: unrecognized command line option '-Wthread-safety'
c++: error: unrecognized command line option '-Wthread-safety'
ninja: build stopped: subcommand failed.


Source file was:
int main() { return 0; }
